21:39:21.614 [main                     ] DEBUG GameApplication      - Logger initialized
21:39:21.629 [main                     ] DEBUG GameApplication      - Logging settings
Title: Cannon (Kotlin)
Version: 0.2.1
Width: 800
Height: 600
Fullscreen: false
Intro: false
Menus: false
Profiling: false
Single step:false
App Mode: DEVELOPER
Menu Key: ESCAPE
Stage Style: DECORATED
Scene Factory: class com.almasb.fxgl.app.SceneFactory
Dialog Factory: class com.almasb.fxgl.ui.FXGLDialogFactory
UI Factory: class com.almasb.fxgl.ui.FXGLUIFactory

21:39:21.826 [JavaFX Application Thread] DEBUG Engine               - Initializing FXGL
21:39:21.827 [JavaFX Application Thread] INFO  Engine               - FXGL-11.5 (17.09.2019 20.41) on LINUX (J:11.0.2 FX:10.0.2-internal)
21:39:21.827 [JavaFX Application Thread] INFO  Engine               - Source code and latest versions at: https://github.com/AlmasB/FXGL
21:39:21.827 [JavaFX Application Thread] INFO  Engine               -              Join the FXGL chat at: https://gitter.im/AlmasB/FXGL
21:39:21.827 [JavaFX Application Thread] DEBUG Engine               - Initializing environment variables
21:39:21.829 [JavaFX Application Thread] DEBUG Engine               - Logging environment variables
21:39:21.829 [JavaFX Application Thread] DEBUG Engine               - achievements: []
21:39:21.829 [JavaFX Application Thread] DEBUG Engine               - sceneStack: com.almasb.fxgl.app.Engine@6a929bc
21:39:21.829 [JavaFX Application Thread] DEBUG Engine               - isCloseConfirmation: false
21:39:21.829 [JavaFX Application Thread] DEBUG Engine               - language: ObjectProperty [value: null]
21:39:21.829 [JavaFX Application Thread] DEBUG Engine               - isProfilingEnabled: false
21:39:21.830 [JavaFX Application Thread] DEBUG Engine               - soundNotification: core/notification.wav
21:39:21.830 [JavaFX Application Thread] DEBUG Engine               - devShowBBoxProperty: BooleanProperty [value: false]
21:39:21.831 [JavaFX Application Thread] DEBUG Engine               - pixelsPerMeter: 50.0
21:39:21.831 [JavaFX Application Thread] DEBUG Engine               - overlayRoot: Group@5868561e
21:39:21.831 [JavaFX Application Thread] DEBUG Engine               - appIcon: fxgl_icon.png
21:39:21.832 [JavaFX Application Thread] DEBUG Engine               - soundMenuBack: menu/back.wav
21:39:21.832 [JavaFX Application Thread] DEBUG Engine               - isFullScreenAllowed: false
21:39:21.832 [JavaFX Application Thread] DEBUG Engine               - isIntroEnabled: false
21:39:21.832 [JavaFX Application Thread] DEBUG Engine               - eventBus: com.almasb.fxgl.event.EventBus@7bc40a7b
21:39:21.832 [JavaFX Application Thread] DEBUG Engine               - fontMono: lucida_console.ttf
21:39:21.832 [JavaFX Application Thread] DEBUG Engine               - soundMenuSelect: menu/select.wav
21:39:21.832 [JavaFX Application Thread] DEBUG Engine               - isWindows: false
21:39:21.832 [JavaFX Application Thread] DEBUG Engine               - isMobile: false
21:39:21.833 [JavaFX Application Thread] DEBUG Engine               - height: 600
21:39:21.833 [JavaFX Application Thread] DEBUG Engine               - isExperimentalNative: false
21:39:21.833 [JavaFX Application Thread] DEBUG Engine               - isSingleStep: false
21:39:21.833 [JavaFX Application Thread] DEBUG Engine               - cSSList: [fxgl_dark.css]
21:39:21.833 [JavaFX Application Thread] DEBUG Engine               - fontGame: Abel-Regular.ttf
21:39:21.833 [JavaFX Application Thread] DEBUG Engine               - menuKey: ESCAPE
21:39:21.833 [JavaFX Application Thread] DEBUG Engine               - devShowPositionProperty: BooleanProperty [value: false]
21:39:21.833 [JavaFX Application Thread] DEBUG Engine               - versionCheckDays: 7
21:39:21.834 [JavaFX Application Thread] DEBUG Engine               - masterTimer: com.almasb.fxgl.time.Timer@2ea30821
21:39:21.834 [JavaFX Application Thread] DEBUG Engine               - configClass: Optional.empty
21:39:21.834 [JavaFX Application Thread] DEBUG Engine               - isFullScreenFromStart: false
21:39:21.834 [JavaFX Application Thread] DEBUG Engine               - version: 0.2.1
21:39:21.834 [JavaFX Application Thread] DEBUG Engine               - fullScreen: BooleanProperty [value: false]
21:39:21.834 [JavaFX Application Thread] DEBUG Engine               - dialogFactory: com.almasb.fxgl.ui.FXGLDialogFactory@5b652ecd
21:39:21.834 [JavaFX Application Thread] DEBUG Engine               - applicationMode: DEVELOPER
21:39:21.834 [JavaFX Application Thread] DEBUG Engine               - isMac: false
21:39:21.834 [JavaFX Application Thread] DEBUG Engine               - urlGoogleForms: https://goo.gl/forms/6wrMnOBxTE1fEpOy2
21:39:21.835 [JavaFX Application Thread] DEBUG Engine               - isMenuEnabled: false
21:39:21.835 [JavaFX Application Thread] DEBUG Engine               - urlPOM: https://raw.githubusercontent.com/AlmasB/FXGL/master/pom.xml
21:39:21.835 [JavaFX Application Thread] DEBUG Engine               - profileName: user.profile
21:39:21.835 [JavaFX Application Thread] DEBUG Engine               - notificationViewClass: class com.almasb.fxgl.notification.view.XboxNotificationView
21:39:21.835 [JavaFX Application Thread] DEBUG Engine               - devSensorColorProperty: ObjectProperty [value: 0xffff00ff]
21:39:21.835 [JavaFX Application Thread] DEBUG Engine               - sceneFactory: com.almasb.fxgl.app.SceneFactory@41274b19
21:39:21.835 [JavaFX Application Thread] DEBUG Engine               - dataFileExt: .dat
21:39:21.835 [JavaFX Application Thread] DEBUG Engine               - stageStyle: DECORATED
21:39:21.836 [JavaFX Application Thread] DEBUG Engine               - isManualResizeEnabled: false
21:39:21.836 [JavaFX Application Thread] DEBUG Engine               - title: Cannon (Kotlin)
21:39:21.836 [JavaFX Application Thread] DEBUG Engine               - platform: LINUX
21:39:21.836 [JavaFX Application Thread] DEBUG Engine               - devBBoxColorProperty: ObjectProperty [value: 0xff0000ff]
21:39:21.836 [JavaFX Application Thread] DEBUG Engine               - isDesktop: true
21:39:21.836 [JavaFX Application Thread] DEBUG Engine               - credits: []
21:39:21.836 [JavaFX Application Thread] DEBUG Engine               - globalMusicVolumeProperty: DoubleProperty [value: 0.5]
21:39:21.836 [JavaFX Application Thread] DEBUG Engine               - uIFactory: com.almasb.fxgl.ui.FXGLUIFactory@1aeb0694
21:39:21.836 [JavaFX Application Thread] DEBUG Engine               - isPreserveResizeRatio: false
21:39:21.836 [JavaFX Application Thread] DEBUG Engine               - fontText: Courier-Prime.ttf
21:39:21.837 [JavaFX Application Thread] DEBUG Engine               - isExperimentalTiledLargeMap: false
21:39:21.837 [JavaFX Application Thread] DEBUG Engine               - secondsIn24h: 60
21:39:21.837 [JavaFX Application Thread] DEBUG Engine               - runtimeInfo: RuntimeInfo(platform=LINUX, version=11.5, build=17.09.2019 20.41)
21:39:21.837 [JavaFX Application Thread] DEBUG Engine               - isLinux: true
21:39:21.837 [JavaFX Application Thread] DEBUG Engine               - soundMenuPress: menu/press.wav
21:39:21.837 [JavaFX Application Thread] DEBUG Engine               - urlGithub: https://github.com/AlmasB/FXGL
21:39:21.837 [JavaFX Application Thread] DEBUG Engine               - profileDir: profiles/
21:39:21.837 [JavaFX Application Thread] DEBUG Engine               - isDeveloperMenuEnabled: false
21:39:21.837 [JavaFX Application Thread] DEBUG Engine               - globalSoundVolumeProperty: DoubleProperty [value: 0.5]
21:39:21.837 [JavaFX Application Thread] DEBUG Engine               - isBrowser: false
21:39:21.837 [JavaFX Application Thread] DEBUG Engine               - urlLeaderboard: http://fxgl-top.herokuapp.com/
21:39:21.838 [JavaFX Application Thread] DEBUG Engine               - globalSoundVolume: 0.5
21:39:21.838 [JavaFX Application Thread] DEBUG Engine               - saveDir: saves/
21:39:21.838 [JavaFX Application Thread] DEBUG Engine               - engineServices: [class com.almasb.fxgl.audio.AudioPlayer, class com.almasb.fxgl.notification.impl.NotificationServiceProvider, class com.almasb.fxgl.achievement.AchievementManager, class com.almasb.fxgl.cutscene.CutsceneService, class com.almasb.fxgl.minigames.MiniGameService]
21:39:21.838 [JavaFX Application Thread] DEBUG Engine               - globalMusicVolume: 0.5
21:39:21.838 [JavaFX Application Thread] DEBUG Engine               - width: 800
21:39:21.838 [JavaFX Application Thread] DEBUG Engine               - saveFileExt: .sav
21:39:21.838 [JavaFX Application Thread] DEBUG Engine               - isAndroid: false
21:39:21.838 [JavaFX Application Thread] DEBUG Engine               - fontUI: VarelaRound-Regular.ttf
21:39:21.838 [JavaFX Application Thread] DEBUG Engine               - enabledMenuItems: []
21:39:21.838 [JavaFX Application Thread] DEBUG Engine               - isIOS: false
21:39:21.840 [JavaFX Application Thread] DEBUG Engine               - Adding new engine service: class com.almasb.fxgl.audio.AudioPlayer
21:39:21.841 [JavaFX Application Thread] DEBUG Engine               - Adding new engine service: class com.almasb.fxgl.notification.impl.NotificationServiceProvider
21:39:21.841 [JavaFX Application Thread] DEBUG Engine               - Adding new engine service: class com.almasb.fxgl.achievement.AchievementManager
21:39:21.842 [JavaFX Application Thread] DEBUG Engine               - Adding new engine service: class com.almasb.fxgl.cutscene.CutsceneService
21:39:21.842 [JavaFX Application Thread] DEBUG Engine               - Adding new engine service: class com.almasb.fxgl.minigames.MiniGameService
21:39:21.844 [JavaFX Application Thread] DEBUG Engine               - Loading localizations
21:39:21.852 [JavaFX Application Thread] DEBUG AssetLoader          - Loading from file system: /assets/properties/languages/english.properties
21:39:21.854 [JavaFX Application Thread] DEBUG AssetLoader          - Loading from file system: /assets/properties/languages/french.properties
21:39:21.855 [JavaFX Application Thread] DEBUG AssetLoader          - Loading from file system: /assets/properties/languages/german.properties
21:39:21.856 [JavaFX Application Thread] DEBUG AssetLoader          - Loading from file system: /assets/properties/languages/russian.properties
21:39:21.857 [JavaFX Application Thread] DEBUG AssetLoader          - Loading from file system: /assets/properties/languages/hungarian.properties
21:39:21.858 [JavaFX Application Thread] DEBUG Engine               - Registering font factories
21:39:21.859 [JavaFX Application Thread] DEBUG AssetLoader          - Loading from file system: /assets/ui/fonts/VarelaRound-Regular.ttf
21:39:21.917 [JavaFX Application Thread] DEBUG AssetLoader          - Loading from file system: /assets/ui/fonts/Abel-Regular.ttf
21:39:21.918 [JavaFX Application Thread] DEBUG AssetLoader          - Loading from file system: /assets/ui/fonts/lucida_console.ttf
21:39:21.920 [JavaFX Application Thread] DEBUG AssetLoader          - Loading from file system: /assets/ui/fonts/Courier-Prime.ttf
21:39:21.921 [JavaFX Application Thread] DEBUG Engine               - Setting UI factory
21:39:21.970 [JavaFX Application Thread] DEBUG AssetLoader          - Loading from file system: /assets/textures/fxgl_logo.png
21:39:22.005 [JavaFX Application Thread] DEBUG MainWindow           - Creating a JavaFX scene
21:39:22.042 [JavaFX Application Thread] DEBUG MainWindow           - Target settings size: 800.0 x 600.0
21:39:22.043 [JavaFX Application Thread] DEBUG MainWindow           - Scaled scene size:    800.0 x 600.0
21:39:22.043 [JavaFX Application Thread] DEBUG MainWindow           - Scaled ratio: (1.0, 1.0)
21:39:22.044 [JavaFX Application Thread] DEBUG MainWindow           - Set initial scene to FXGLStartupScene
21:39:22.048 [JavaFX Application Thread] DEBUG AssetLoader          - Loading from file system: /assets/textures/fxgl_icon.png
21:39:22.056 [JavaFX Application Thread] DEBUG Engine               - Applying CSS: fxgl_dark.css
21:39:22.057 [JavaFX Application Thread] DEBUG AssetLoader          - Loading from file system: /assets/ui/css/fxgl_dark.css
21:39:22.058 [JavaFX Application Thread] DEBUG AssetLoader          - Loading from file system: /assets/ui/cursors/fxgl_default.png
21:39:22.059 [JavaFX Application Thread] DEBUG MainWindow           - Opening main window
21:39:22.120 [JavaFX Application Thread] DEBUG MainWindow           - Window border size: (0.0, 37.0)
21:39:22.121 [JavaFX Application Thread] DEBUG MainWindow           - Scaled size: 800.0 x 600.0
21:39:22.121 [JavaFX Application Thread] DEBUG MainWindow           - Scaled ratio: (1.0, 1.0)
21:39:22.121 [JavaFX Application Thread] DEBUG MainWindow           - Scene size: 800.0 x 600.0
21:39:22.121 [JavaFX Application Thread] DEBUG MainWindow           - Stage size: 800.0 x 637.0
21:39:22.128 [FXGL Background Thread 1 ] DEBUG FS                   - Loaded FSServiceImpl
21:39:22.129 [FXGL Background Thread 1 ] DEBUG Engine               - Loading FXGL system data
21:39:22.132 [FXGL Background Thread 1 ] DEBUG FSServiceImpl        - Reading from: /home/george/FXGL_Dev/Hello_FX_Gradle/Hello_FX_GradleKT0/system/fxgl.bundle
21:39:22.140 [FXGL Background Thread 1 ] DEBUG Engine               - Bundle FXGL: {}
21:39:22.140 [FXGL Background Thread 1 ] DEBUG Engine               - Initializing application scenes
21:39:22.162 [FXGL Background Thread 1 ] DEBUG GameWorld            - Game world initialized
21:39:22.218 [FXGL Background Thread 1 ] DEBUG PhysicsWorld         - Physics world initialized: appHeight=600, physics.ppm=50.0
21:39:22.220 [FXGL Background Thread 1 ] DEBUG GameScene            - Game scene initialized: 800x600
21:39:22.240 [FXGL Background Thread 1 ] DEBUG Input                - Registered new binding: Resume - Esc
21:39:22.240 [FXGL Background Thread 1 ] DEBUG AssetLoader          - Loading from file system: /assets/textures/pause_menu_bg.png
21:39:22.254 [FXGL Background Thread 1 ] DEBUG Input                - Registered new binding: Pause - Esc
21:39:22.254 [FXGL Background Thread 1 ] DEBUG Engine               - Application scenes initialized
21:39:22.256 [JavaFX Application Thread] DEBUG Engine               - Running preInit()
21:39:22.257 [JavaFX Application Thread] DEBUG Input                - Registered new binding: Shoot - LMB
21:39:22.258 [JavaFX Application Thread] DEBUG Input                - Registered new binding: Screenshot - P
21:39:22.258 [JavaFX Application Thread] DEBUG Input                - Registered new binding: System info dump - CTRL+9
21:39:22.258 [JavaFX Application Thread] DEBUG Input                - Registered new binding: Restart - CTRL+R
21:39:22.258 [JavaFX Application Thread] DEBUG Engine               - generateDefaultProfile()
21:39:22.258 [JavaFX Application Thread] DEBUG Engine               - Creating default profile
21:39:22.259 [JavaFX Application Thread] DEBUG EventBus             - Firing event: SaveEvent
21:39:22.271 [JavaFX Application Thread] INFO  Engine               - FXGL initialization took: 0.427 sec
21:39:22.271 [JavaFX Application Thread] DEBUG LoopRunner           - Starting loop
21:39:22.276 [JavaFX Application Thread] DEBUG FXGLStartupScene     - STARTUP
21:39:22.276 [JavaFX Application Thread] DEBUG Engine               - Starting new game
21:39:22.282 [JavaFX Application Thread] DEBUG Input                - Clearing active input actions
21:39:22.282 [FXGL Background Thread 1 ] DEBUG InitAppTask          - Clearing previous game
21:39:22.283 [FXGL Background Thread 1 ] DEBUG GameWorld            - Clearing game world
21:39:22.283 [FXGL Background Thread 1 ] DEBUG PhysicsWorld         - Clearing physics world
21:39:22.283 [FXGL Background Thread 1 ] DEBUG GameScene            - Clearing game scene
21:39:22.283 [FXGL Background Thread 1 ] DEBUG InitAppTask          - Initializing Game
21:39:22.294 [JavaFX Application Thread] DEBUG Engine               - Removing overlay from FXGLStartupScene and adding to LoadingScene
21:39:22.295 [JavaFX Application Thread] DEBUG MainWindow           - FXGLStartupScene -> LoadingScene
21:39:22.318 [FXGL Background Thread 1 ] DEBUG InitAppTask          - Initializing Physics
21:39:22.319 [FXGL Background Thread 1 ] DEBUG InitAppTask          - Initializing UI
21:39:22.320 [FXGL Background Thread 1 ] DEBUG InitAppTask          - Initialization Complete
21:39:22.320 [FXGL Background Thread 1 ] INFO  InitAppTask          - Game initialization took: 0.037 sec
21:39:22.370 [JavaFX Application Thread] DEBUG Input                - Clearing active input actions
21:39:22.382 [JavaFX Application Thread] DEBUG Engine               - Removing overlay from LoadingScene and adding to GameScene
21:39:22.382 [JavaFX Application Thread] DEBUG MainWindow           - LoadingScene -> GameScene
21:45:00.862 [JavaFX Application Thread] DEBUG Engine               - Exiting FXGL
21:45:00.863 [JavaFX Application Thread] DEBUG Engine               - Shutting down background threads
21:45:00.863 [JavaFX Application Thread] DEBUG Engine               - Saving FXGL system data
21:45:00.868 [JavaFX Application Thread] DEBUG FSServiceImpl        - Writing to: /home/george/FXGL_Dev/Hello_FX_Gradle/Hello_FX_GradleKT0/system/fxgl.bundle
21:45:00.870 [JavaFX Application Thread] DEBUG Engine               - Closing logger and exiting JavaFX
