22:18:13.554 [main                     ] DEBUG GameApplication      - Logger initialized
22:18:13.570 [main                     ] DEBUG GameApplication      - Logging settings
Title: Cannon (Kotlin)
Version: 0.2.1
Width: 800
Height: 600
Fullscreen: false
Intro: false
Menus: false
Profiling: false
Single step:false
App Mode: DEVELOPER
Menu Key: ESCAPE
Stage Style: DECORATED
Scene Factory: class com.almasb.fxgl.app.SceneFactory
Dialog Factory: class com.almasb.fxgl.ui.FXGLDialogFactory
UI Factory: class com.almasb.fxgl.ui.FXGLUIFactory

22:18:13.762 [JavaFX Application Thread] DEBUG Engine               - Initializing FXGL
22:18:13.762 [JavaFX Application Thread] INFO  Engine               - FXGL-11.5 (17.09.2019 20.41) on LINUX (J:11.0.2 FX:10.0.2-internal)
22:18:13.762 [JavaFX Application Thread] INFO  Engine               - Source code and latest versions at: https://github.com/AlmasB/FXGL
22:18:13.762 [JavaFX Application Thread] INFO  Engine               -              Join the FXGL chat at: https://gitter.im/AlmasB/FXGL
22:18:13.762 [JavaFX Application Thread] DEBUG Engine               - Initializing environment variables
22:18:13.764 [JavaFX Application Thread] DEBUG Engine               - Logging environment variables
22:18:13.764 [JavaFX Application Thread] DEBUG Engine               - achievements: []
22:18:13.765 [JavaFX Application Thread] DEBUG Engine               - sceneStack: com.almasb.fxgl.app.Engine@1227f50e
22:18:13.765 [JavaFX Application Thread] DEBUG Engine               - language: ObjectProperty [value: null]
22:18:13.765 [JavaFX Application Thread] DEBUG Engine               - isCloseConfirmation: false
22:18:13.765 [JavaFX Application Thread] DEBUG Engine               - isProfilingEnabled: false
22:18:13.765 [JavaFX Application Thread] DEBUG Engine               - soundNotification: core/notification.wav
22:18:13.765 [JavaFX Application Thread] DEBUG Engine               - devShowBBoxProperty: BooleanProperty [value: false]
22:18:13.767 [JavaFX Application Thread] DEBUG Engine               - pixelsPerMeter: 50.0
22:18:13.767 [JavaFX Application Thread] DEBUG Engine               - overlayRoot: Group@25ace923
22:18:13.767 [JavaFX Application Thread] DEBUG Engine               - appIcon: fxgl_icon.png
22:18:13.767 [JavaFX Application Thread] DEBUG Engine               - soundMenuBack: menu/back.wav
22:18:13.767 [JavaFX Application Thread] DEBUG Engine               - isFullScreenAllowed: false
22:18:13.767 [JavaFX Application Thread] DEBUG Engine               - isIntroEnabled: false
22:18:13.767 [JavaFX Application Thread] DEBUG Engine               - eventBus: com.almasb.fxgl.event.EventBus@168d118a
22:18:13.767 [JavaFX Application Thread] DEBUG Engine               - fontMono: lucida_console.ttf
22:18:13.768 [JavaFX Application Thread] DEBUG Engine               - soundMenuSelect: menu/select.wav
22:18:13.768 [JavaFX Application Thread] DEBUG Engine               - isWindows: false
22:18:13.768 [JavaFX Application Thread] DEBUG Engine               - isMobile: false
22:18:13.768 [JavaFX Application Thread] DEBUG Engine               - height: 600
22:18:13.768 [JavaFX Application Thread] DEBUG Engine               - isExperimentalNative: false
22:18:13.768 [JavaFX Application Thread] DEBUG Engine               - isSingleStep: false
22:18:13.768 [JavaFX Application Thread] DEBUG Engine               - cSSList: [fxgl_dark.css]
22:18:13.768 [JavaFX Application Thread] DEBUG Engine               - fontGame: Abel-Regular.ttf
22:18:13.768 [JavaFX Application Thread] DEBUG Engine               - menuKey: ESCAPE
22:18:13.768 [JavaFX Application Thread] DEBUG Engine               - devShowPositionProperty: BooleanProperty [value: false]
22:18:13.769 [JavaFX Application Thread] DEBUG Engine               - versionCheckDays: 7
22:18:13.769 [JavaFX Application Thread] DEBUG Engine               - masterTimer: com.almasb.fxgl.time.Timer@2d1cc529
22:18:13.769 [JavaFX Application Thread] DEBUG Engine               - configClass: Optional.empty
22:18:13.769 [JavaFX Application Thread] DEBUG Engine               - isFullScreenFromStart: false
22:18:13.769 [JavaFX Application Thread] DEBUG Engine               - version: 0.2.1
22:18:13.769 [JavaFX Application Thread] DEBUG Engine               - fullScreen: BooleanProperty [value: false]
22:18:13.769 [JavaFX Application Thread] DEBUG Engine               - dialogFactory: com.almasb.fxgl.ui.FXGLDialogFactory@3ee583be
22:18:13.769 [JavaFX Application Thread] DEBUG Engine               - applicationMode: DEVELOPER
22:18:13.769 [JavaFX Application Thread] DEBUG Engine               - isMac: false
22:18:13.769 [JavaFX Application Thread] DEBUG Engine               - urlGoogleForms: https://goo.gl/forms/6wrMnOBxTE1fEpOy2
22:18:13.770 [JavaFX Application Thread] DEBUG Engine               - isMenuEnabled: false
22:18:13.770 [JavaFX Application Thread] DEBUG Engine               - urlPOM: https://raw.githubusercontent.com/AlmasB/FXGL/master/pom.xml
22:18:13.770 [JavaFX Application Thread] DEBUG Engine               - profileName: user.profile
22:18:13.770 [JavaFX Application Thread] DEBUG Engine               - notificationViewClass: class com.almasb.fxgl.notification.view.XboxNotificationView
22:18:13.770 [JavaFX Application Thread] DEBUG Engine               - devSensorColorProperty: ObjectProperty [value: 0xffff00ff]
22:18:13.770 [JavaFX Application Thread] DEBUG Engine               - sceneFactory: com.almasb.fxgl.app.SceneFactory@7c4280b0
22:18:13.770 [JavaFX Application Thread] DEBUG Engine               - dataFileExt: .dat
22:18:13.770 [JavaFX Application Thread] DEBUG Engine               - stageStyle: DECORATED
22:18:13.770 [JavaFX Application Thread] DEBUG Engine               - isManualResizeEnabled: false
22:18:13.771 [JavaFX Application Thread] DEBUG Engine               - title: Cannon (Kotlin)
22:18:13.771 [JavaFX Application Thread] DEBUG Engine               - platform: LINUX
22:18:13.771 [JavaFX Application Thread] DEBUG Engine               - devBBoxColorProperty: ObjectProperty [value: 0xff0000ff]
22:18:13.771 [JavaFX Application Thread] DEBUG Engine               - isDesktop: true
22:18:13.771 [JavaFX Application Thread] DEBUG Engine               - credits: []
22:18:13.771 [JavaFX Application Thread] DEBUG Engine               - globalMusicVolumeProperty: DoubleProperty [value: 0.5]
22:18:13.771 [JavaFX Application Thread] DEBUG Engine               - uIFactory: com.almasb.fxgl.ui.FXGLUIFactory@23ddff3
22:18:13.771 [JavaFX Application Thread] DEBUG Engine               - isPreserveResizeRatio: false
22:18:13.772 [JavaFX Application Thread] DEBUG Engine               - fontText: Courier-Prime.ttf
22:18:13.772 [JavaFX Application Thread] DEBUG Engine               - isExperimentalTiledLargeMap: false
22:18:13.772 [JavaFX Application Thread] DEBUG Engine               - secondsIn24h: 60
22:18:13.772 [JavaFX Application Thread] DEBUG Engine               - runtimeInfo: RuntimeInfo(platform=LINUX, version=11.5, build=17.09.2019 20.41)
22:18:13.772 [JavaFX Application Thread] DEBUG Engine               - isLinux: true
22:18:13.772 [JavaFX Application Thread] DEBUG Engine               - soundMenuPress: menu/press.wav
22:18:13.772 [JavaFX Application Thread] DEBUG Engine               - urlGithub: https://github.com/AlmasB/FXGL
22:18:13.772 [JavaFX Application Thread] DEBUG Engine               - profileDir: profiles/
22:18:13.772 [JavaFX Application Thread] DEBUG Engine               - isDeveloperMenuEnabled: false
22:18:13.772 [JavaFX Application Thread] DEBUG Engine               - globalSoundVolumeProperty: DoubleProperty [value: 0.5]
22:18:13.773 [JavaFX Application Thread] DEBUG Engine               - isBrowser: false
22:18:13.773 [JavaFX Application Thread] DEBUG Engine               - urlLeaderboard: http://fxgl-top.herokuapp.com/
22:18:13.773 [JavaFX Application Thread] DEBUG Engine               - globalSoundVolume: 0.5
22:18:13.773 [JavaFX Application Thread] DEBUG Engine               - saveDir: saves/
22:18:13.773 [JavaFX Application Thread] DEBUG Engine               - engineServices: [class com.almasb.fxgl.audio.AudioPlayer, class com.almasb.fxgl.notification.impl.NotificationServiceProvider, class com.almasb.fxgl.achievement.AchievementManager, class com.almasb.fxgl.cutscene.CutsceneService, class com.almasb.fxgl.minigames.MiniGameService]
22:18:13.773 [JavaFX Application Thread] DEBUG Engine               - globalMusicVolume: 0.5
22:18:13.773 [JavaFX Application Thread] DEBUG Engine               - width: 800
22:18:13.773 [JavaFX Application Thread] DEBUG Engine               - saveFileExt: .sav
22:18:13.773 [JavaFX Application Thread] DEBUG Engine               - isAndroid: false
22:18:13.773 [JavaFX Application Thread] DEBUG Engine               - fontUI: VarelaRound-Regular.ttf
22:18:13.773 [JavaFX Application Thread] DEBUG Engine               - enabledMenuItems: []
22:18:13.774 [JavaFX Application Thread] DEBUG Engine               - isIOS: false
22:18:13.775 [JavaFX Application Thread] DEBUG Engine               - Adding new engine service: class com.almasb.fxgl.audio.AudioPlayer
22:18:13.776 [JavaFX Application Thread] DEBUG Engine               - Adding new engine service: class com.almasb.fxgl.notification.impl.NotificationServiceProvider
22:18:13.777 [JavaFX Application Thread] DEBUG Engine               - Adding new engine service: class com.almasb.fxgl.achievement.AchievementManager
22:18:13.777 [JavaFX Application Thread] DEBUG Engine               - Adding new engine service: class com.almasb.fxgl.cutscene.CutsceneService
22:18:13.778 [JavaFX Application Thread] DEBUG Engine               - Adding new engine service: class com.almasb.fxgl.minigames.MiniGameService
22:18:13.779 [JavaFX Application Thread] DEBUG Engine               - Loading localizations
22:18:13.787 [JavaFX Application Thread] DEBUG AssetLoader          - Loading from file system: /assets/properties/languages/english.properties
22:18:13.790 [JavaFX Application Thread] DEBUG AssetLoader          - Loading from file system: /assets/properties/languages/french.properties
22:18:13.791 [JavaFX Application Thread] DEBUG AssetLoader          - Loading from file system: /assets/properties/languages/german.properties
22:18:13.791 [JavaFX Application Thread] DEBUG AssetLoader          - Loading from file system: /assets/properties/languages/russian.properties
22:18:13.792 [JavaFX Application Thread] DEBUG AssetLoader          - Loading from file system: /assets/properties/languages/hungarian.properties
22:18:13.794 [JavaFX Application Thread] DEBUG Engine               - Registering font factories
22:18:13.794 [JavaFX Application Thread] DEBUG AssetLoader          - Loading from file system: /assets/ui/fonts/VarelaRound-Regular.ttf
22:18:13.852 [JavaFX Application Thread] DEBUG AssetLoader          - Loading from file system: /assets/ui/fonts/Abel-Regular.ttf
22:18:13.853 [JavaFX Application Thread] DEBUG AssetLoader          - Loading from file system: /assets/ui/fonts/lucida_console.ttf
22:18:13.854 [JavaFX Application Thread] DEBUG AssetLoader          - Loading from file system: /assets/ui/fonts/Courier-Prime.ttf
22:18:13.856 [JavaFX Application Thread] DEBUG Engine               - Setting UI factory
22:18:13.906 [JavaFX Application Thread] DEBUG AssetLoader          - Loading from file system: /assets/textures/fxgl_logo.png
22:18:13.944 [JavaFX Application Thread] DEBUG MainWindow           - Creating a JavaFX scene
22:18:13.987 [JavaFX Application Thread] DEBUG MainWindow           - Target settings size: 800.0 x 600.0
22:18:13.987 [JavaFX Application Thread] DEBUG MainWindow           - Scaled scene size:    800.0 x 600.0
22:18:13.988 [JavaFX Application Thread] DEBUG MainWindow           - Scaled ratio: (1.0, 1.0)
22:18:13.988 [JavaFX Application Thread] DEBUG MainWindow           - Set initial scene to FXGLStartupScene
22:18:13.993 [JavaFX Application Thread] DEBUG AssetLoader          - Loading from file system: /assets/textures/fxgl_icon.png
22:18:14.001 [JavaFX Application Thread] DEBUG Engine               - Applying CSS: fxgl_dark.css
22:18:14.002 [JavaFX Application Thread] DEBUG AssetLoader          - Loading from file system: /assets/ui/css/fxgl_dark.css
22:18:14.003 [JavaFX Application Thread] DEBUG AssetLoader          - Loading from file system: /assets/ui/cursors/fxgl_default.png
22:18:14.004 [JavaFX Application Thread] DEBUG MainWindow           - Opening main window
22:18:14.068 [JavaFX Application Thread] DEBUG MainWindow           - Window border size: (0.0, 37.0)
22:18:14.068 [JavaFX Application Thread] DEBUG MainWindow           - Scaled size: 800.0 x 600.0
22:18:14.068 [JavaFX Application Thread] DEBUG MainWindow           - Scaled ratio: (1.0, 1.0)
22:18:14.068 [JavaFX Application Thread] DEBUG MainWindow           - Scene size: 800.0 x 600.0
22:18:14.068 [JavaFX Application Thread] DEBUG MainWindow           - Stage size: 800.0 x 637.0
22:18:14.075 [FXGL Background Thread 1 ] DEBUG FS                   - Loaded FSServiceImpl
22:18:14.076 [FXGL Background Thread 1 ] DEBUG Engine               - Loading FXGL system data
22:18:14.079 [FXGL Background Thread 1 ] DEBUG FSServiceImpl        - Reading from: /home/george/FXGL_Dev/Hello_FX_Gradle/Hello_FX_Gradle7KT0/system/fxgl.bundle
22:18:14.086 [FXGL Background Thread 1 ] DEBUG Engine               - Bundle FXGL: {}
22:18:14.086 [FXGL Background Thread 1 ] DEBUG Engine               - Initializing application scenes
22:18:14.104 [FXGL Background Thread 1 ] DEBUG GameWorld            - Game world initialized
22:18:14.153 [FXGL Background Thread 1 ] DEBUG PhysicsWorld         - Physics world initialized: appHeight=600, physics.ppm=50.0
22:18:14.156 [FXGL Background Thread 1 ] DEBUG GameScene            - Game scene initialized: 800x600
22:18:14.176 [FXGL Background Thread 1 ] DEBUG Input                - Registered new binding: Resume - Esc
22:18:14.176 [FXGL Background Thread 1 ] DEBUG AssetLoader          - Loading from file system: /assets/textures/pause_menu_bg.png
22:18:14.195 [FXGL Background Thread 1 ] DEBUG Input                - Registered new binding: Pause - Esc
22:18:14.195 [FXGL Background Thread 1 ] DEBUG Engine               - Application scenes initialized
22:18:14.196 [JavaFX Application Thread] DEBUG Engine               - Running preInit()
22:18:14.198 [JavaFX Application Thread] DEBUG Input                - Registered new binding: Shoot - LMB
22:18:14.199 [JavaFX Application Thread] DEBUG Input                - Registered new binding: Screenshot - P
22:18:14.199 [JavaFX Application Thread] DEBUG Input                - Registered new binding: System info dump - CTRL+9
22:18:14.199 [JavaFX Application Thread] DEBUG Input                - Registered new binding: Restart - CTRL+R
22:18:14.200 [JavaFX Application Thread] DEBUG Engine               - generateDefaultProfile()
22:18:14.200 [JavaFX Application Thread] DEBUG Engine               - Creating default profile
22:18:14.200 [JavaFX Application Thread] DEBUG EventBus             - Firing event: SaveEvent
22:18:14.212 [JavaFX Application Thread] INFO  Engine               - FXGL initialization took: 0.432 sec
22:18:14.212 [JavaFX Application Thread] DEBUG LoopRunner           - Starting loop
22:18:14.216 [JavaFX Application Thread] DEBUG FXGLStartupScene     - STARTUP
22:18:14.216 [JavaFX Application Thread] DEBUG Engine               - Starting new game
22:18:14.221 [JavaFX Application Thread] DEBUG Input                - Clearing active input actions
22:18:14.221 [FXGL Background Thread 1 ] DEBUG InitAppTask          - Clearing previous game
22:18:14.221 [FXGL Background Thread 1 ] DEBUG GameWorld            - Clearing game world
22:18:14.221 [FXGL Background Thread 1 ] DEBUG PhysicsWorld         - Clearing physics world
22:18:14.221 [FXGL Background Thread 1 ] DEBUG GameScene            - Clearing game scene
22:18:14.221 [FXGL Background Thread 1 ] DEBUG InitAppTask          - Initializing Game
22:18:14.230 [JavaFX Application Thread] DEBUG Engine               - Removing overlay from FXGLStartupScene and adding to LoadingScene
22:18:14.231 [JavaFX Application Thread] DEBUG MainWindow           - FXGLStartupScene -> LoadingScene
22:18:14.266 [FXGL Background Thread 1 ] DEBUG InitAppTask          - Initializing Physics
22:18:14.267 [FXGL Background Thread 1 ] DEBUG InitAppTask          - Initializing UI
22:18:14.269 [FXGL Background Thread 1 ] DEBUG InitAppTask          - Initialization Complete
22:18:14.269 [FXGL Background Thread 1 ] INFO  InitAppTask          - Game initialization took: 0.048 sec
22:18:14.301 [JavaFX Application Thread] DEBUG Input                - Clearing active input actions
22:18:14.314 [JavaFX Application Thread] DEBUG Engine               - Removing overlay from LoadingScene and adding to GameScene
22:18:14.314 [JavaFX Application Thread] DEBUG MainWindow           - LoadingScene -> GameScene
22:18:18.939 [JavaFX Application Thread] DEBUG Engine               - Exiting FXGL
22:18:18.940 [JavaFX Application Thread] DEBUG Engine               - Shutting down background threads
22:18:18.940 [JavaFX Application Thread] DEBUG Engine               - Saving FXGL system data
22:18:18.945 [JavaFX Application Thread] DEBUG FSServiceImpl        - Writing to: /home/george/FXGL_Dev/Hello_FX_Gradle/Hello_FX_Gradle7KT0/system/fxgl.bundle
22:18:18.950 [JavaFX Application Thread] DEBUG Engine               - Closing logger and exiting JavaFX
