21:45:15.657 [main                     ] DEBUG GameApplication      - Logger initialized
21:45:15.673 [main                     ] DEBUG GameApplication      - Logging settings
Title: Cannon (Kotlin)
Version: 0.2.1
Width: 800
Height: 600
Fullscreen: false
Intro: false
Menus: false
Profiling: false
Single step:false
App Mode: DEVELOPER
Menu Key: ESCAPE
Stage Style: DECORATED
Scene Factory: class com.almasb.fxgl.app.SceneFactory
Dialog Factory: class com.almasb.fxgl.ui.FXGLDialogFactory
UI Factory: class com.almasb.fxgl.ui.FXGLUIFactory

21:45:15.864 [JavaFX Application Thread] DEBUG Engine               - Initializing FXGL
21:45:15.864 [JavaFX Application Thread] INFO  Engine               - FXGL-11.5 (17.09.2019 20.41) on LINUX (J:11.0.2 FX:10.0.2-internal)
21:45:15.865 [JavaFX Application Thread] INFO  Engine               - Source code and latest versions at: https://github.com/AlmasB/FXGL
21:45:15.865 [JavaFX Application Thread] INFO  Engine               -              Join the FXGL chat at: https://gitter.im/AlmasB/FXGL
21:45:15.865 [JavaFX Application Thread] DEBUG Engine               - Initializing environment variables
21:45:15.867 [JavaFX Application Thread] DEBUG Engine               - Logging environment variables
21:45:15.867 [JavaFX Application Thread] DEBUG Engine               - achievements: []
21:45:15.868 [JavaFX Application Thread] DEBUG Engine               - sceneStack: com.almasb.fxgl.app.Engine@fa8e31e
21:45:15.868 [JavaFX Application Thread] DEBUG Engine               - isCloseConfirmation: false
21:45:15.868 [JavaFX Application Thread] DEBUG Engine               - language: ObjectProperty [value: null]
21:45:15.868 [JavaFX Application Thread] DEBUG Engine               - isProfilingEnabled: false
21:45:15.868 [JavaFX Application Thread] DEBUG Engine               - soundNotification: core/notification.wav
21:45:15.869 [JavaFX Application Thread] DEBUG Engine               - devShowBBoxProperty: BooleanProperty [value: false]
21:45:15.871 [JavaFX Application Thread] DEBUG Engine               - pixelsPerMeter: 50.0
21:45:15.871 [JavaFX Application Thread] DEBUG Engine               - overlayRoot: Group@65aaa7ab
21:45:15.871 [JavaFX Application Thread] DEBUG Engine               - appIcon: fxgl_icon.png
21:45:15.871 [JavaFX Application Thread] DEBUG Engine               - soundMenuBack: menu/back.wav
21:45:15.871 [JavaFX Application Thread] DEBUG Engine               - isFullScreenAllowed: false
21:45:15.871 [JavaFX Application Thread] DEBUG Engine               - isIntroEnabled: false
21:45:15.871 [JavaFX Application Thread] DEBUG Engine               - eventBus: com.almasb.fxgl.event.EventBus@7a2eca5a
21:45:15.872 [JavaFX Application Thread] DEBUG Engine               - fontMono: lucida_console.ttf
21:45:15.872 [JavaFX Application Thread] DEBUG Engine               - soundMenuSelect: menu/select.wav
21:45:15.872 [JavaFX Application Thread] DEBUG Engine               - isWindows: false
21:45:15.872 [JavaFX Application Thread] DEBUG Engine               - isMobile: false
21:45:15.872 [JavaFX Application Thread] DEBUG Engine               - height: 600
21:45:15.872 [JavaFX Application Thread] DEBUG Engine               - isExperimentalNative: false
21:45:15.872 [JavaFX Application Thread] DEBUG Engine               - isSingleStep: false
21:45:15.872 [JavaFX Application Thread] DEBUG Engine               - cSSList: [fxgl_dark.css]
21:45:15.873 [JavaFX Application Thread] DEBUG Engine               - fontGame: Abel-Regular.ttf
21:45:15.873 [JavaFX Application Thread] DEBUG Engine               - menuKey: ESCAPE
21:45:15.873 [JavaFX Application Thread] DEBUG Engine               - devShowPositionProperty: BooleanProperty [value: false]
21:45:15.873 [JavaFX Application Thread] DEBUG Engine               - versionCheckDays: 7
21:45:15.873 [JavaFX Application Thread] DEBUG Engine               - masterTimer: com.almasb.fxgl.time.Timer@705d0490
21:45:15.873 [JavaFX Application Thread] DEBUG Engine               - configClass: Optional.empty
21:45:15.873 [JavaFX Application Thread] DEBUG Engine               - isFullScreenFromStart: false
21:45:15.873 [JavaFX Application Thread] DEBUG Engine               - version: 0.2.1
21:45:15.873 [JavaFX Application Thread] DEBUG Engine               - fullScreen: BooleanProperty [value: false]
21:45:15.873 [JavaFX Application Thread] DEBUG Engine               - dialogFactory: com.almasb.fxgl.ui.FXGLDialogFactory@430b3e37
21:45:15.874 [JavaFX Application Thread] DEBUG Engine               - applicationMode: DEVELOPER
21:45:15.874 [JavaFX Application Thread] DEBUG Engine               - isMac: false
21:45:15.874 [JavaFX Application Thread] DEBUG Engine               - urlGoogleForms: https://goo.gl/forms/6wrMnOBxTE1fEpOy2
21:45:15.874 [JavaFX Application Thread] DEBUG Engine               - isMenuEnabled: false
21:45:15.874 [JavaFX Application Thread] DEBUG Engine               - profileName: user.profile
21:45:15.874 [JavaFX Application Thread] DEBUG Engine               - urlPOM: https://raw.githubusercontent.com/AlmasB/FXGL/master/pom.xml
21:45:15.874 [JavaFX Application Thread] DEBUG Engine               - notificationViewClass: class com.almasb.fxgl.notification.view.XboxNotificationView
21:45:15.874 [JavaFX Application Thread] DEBUG Engine               - devSensorColorProperty: ObjectProperty [value: 0xffff00ff]
21:45:15.874 [JavaFX Application Thread] DEBUG Engine               - sceneFactory: com.almasb.fxgl.app.SceneFactory@73ac5e02
21:45:15.874 [JavaFX Application Thread] DEBUG Engine               - dataFileExt: .dat
21:45:15.875 [JavaFX Application Thread] DEBUG Engine               - stageStyle: DECORATED
21:45:15.875 [JavaFX Application Thread] DEBUG Engine               - isManualResizeEnabled: false
21:45:15.875 [JavaFX Application Thread] DEBUG Engine               - title: Cannon (Kotlin)
21:45:15.875 [JavaFX Application Thread] DEBUG Engine               - platform: LINUX
21:45:15.875 [JavaFX Application Thread] DEBUG Engine               - devBBoxColorProperty: ObjectProperty [value: 0xff0000ff]
21:45:15.875 [JavaFX Application Thread] DEBUG Engine               - isDesktop: true
21:45:15.875 [JavaFX Application Thread] DEBUG Engine               - credits: []
21:45:15.875 [JavaFX Application Thread] DEBUG Engine               - globalMusicVolumeProperty: DoubleProperty [value: 0.5]
21:45:15.875 [JavaFX Application Thread] DEBUG Engine               - uIFactory: com.almasb.fxgl.ui.FXGLUIFactory@7f5c3637
21:45:15.875 [JavaFX Application Thread] DEBUG Engine               - isPreserveResizeRatio: false
21:45:15.875 [JavaFX Application Thread] DEBUG Engine               - fontText: Courier-Prime.ttf
21:45:15.876 [JavaFX Application Thread] DEBUG Engine               - isExperimentalTiledLargeMap: false
21:45:15.876 [JavaFX Application Thread] DEBUG Engine               - secondsIn24h: 60
21:45:15.876 [JavaFX Application Thread] DEBUG Engine               - runtimeInfo: RuntimeInfo(platform=LINUX, version=11.5, build=17.09.2019 20.41)
21:45:15.876 [JavaFX Application Thread] DEBUG Engine               - isLinux: true
21:45:15.876 [JavaFX Application Thread] DEBUG Engine               - soundMenuPress: menu/press.wav
21:45:15.876 [JavaFX Application Thread] DEBUG Engine               - urlGithub: https://github.com/AlmasB/FXGL
21:45:15.876 [JavaFX Application Thread] DEBUG Engine               - profileDir: profiles/
21:45:15.876 [JavaFX Application Thread] DEBUG Engine               - isDeveloperMenuEnabled: false
21:45:15.876 [JavaFX Application Thread] DEBUG Engine               - globalSoundVolumeProperty: DoubleProperty [value: 0.5]
21:45:15.876 [JavaFX Application Thread] DEBUG Engine               - isBrowser: false
21:45:15.876 [JavaFX Application Thread] DEBUG Engine               - urlLeaderboard: http://fxgl-top.herokuapp.com/
21:45:15.877 [JavaFX Application Thread] DEBUG Engine               - globalSoundVolume: 0.5
21:45:15.877 [JavaFX Application Thread] DEBUG Engine               - saveDir: saves/
21:45:15.877 [JavaFX Application Thread] DEBUG Engine               - engineServices: [class com.almasb.fxgl.audio.AudioPlayer, class com.almasb.fxgl.notification.impl.NotificationServiceProvider, class com.almasb.fxgl.achievement.AchievementManager, class com.almasb.fxgl.cutscene.CutsceneService, class com.almasb.fxgl.minigames.MiniGameService]
21:45:15.877 [JavaFX Application Thread] DEBUG Engine               - globalMusicVolume: 0.5
21:45:15.877 [JavaFX Application Thread] DEBUG Engine               - width: 800
21:45:15.877 [JavaFX Application Thread] DEBUG Engine               - saveFileExt: .sav
21:45:15.877 [JavaFX Application Thread] DEBUG Engine               - isAndroid: false
21:45:15.877 [JavaFX Application Thread] DEBUG Engine               - fontUI: VarelaRound-Regular.ttf
21:45:15.877 [JavaFX Application Thread] DEBUG Engine               - enabledMenuItems: []
21:45:15.877 [JavaFX Application Thread] DEBUG Engine               - isIOS: false
21:45:15.880 [JavaFX Application Thread] DEBUG Engine               - Adding new engine service: class com.almasb.fxgl.audio.AudioPlayer
21:45:15.881 [JavaFX Application Thread] DEBUG Engine               - Adding new engine service: class com.almasb.fxgl.notification.impl.NotificationServiceProvider
21:45:15.881 [JavaFX Application Thread] DEBUG Engine               - Adding new engine service: class com.almasb.fxgl.achievement.AchievementManager
21:45:15.882 [JavaFX Application Thread] DEBUG Engine               - Adding new engine service: class com.almasb.fxgl.cutscene.CutsceneService
21:45:15.882 [JavaFX Application Thread] DEBUG Engine               - Adding new engine service: class com.almasb.fxgl.minigames.MiniGameService
21:45:15.884 [JavaFX Application Thread] DEBUG Engine               - Loading localizations
21:45:15.892 [JavaFX Application Thread] DEBUG AssetLoader          - Loading from file system: /assets/properties/languages/english.properties
21:45:15.894 [JavaFX Application Thread] DEBUG AssetLoader          - Loading from file system: /assets/properties/languages/french.properties
21:45:15.895 [JavaFX Application Thread] DEBUG AssetLoader          - Loading from file system: /assets/properties/languages/german.properties
21:45:15.896 [JavaFX Application Thread] DEBUG AssetLoader          - Loading from file system: /assets/properties/languages/russian.properties
21:45:15.897 [JavaFX Application Thread] DEBUG AssetLoader          - Loading from file system: /assets/properties/languages/hungarian.properties
21:45:15.899 [JavaFX Application Thread] DEBUG Engine               - Registering font factories
21:45:15.900 [JavaFX Application Thread] DEBUG AssetLoader          - Loading from file system: /assets/ui/fonts/VarelaRound-Regular.ttf
21:45:15.972 [JavaFX Application Thread] DEBUG AssetLoader          - Loading from file system: /assets/ui/fonts/Abel-Regular.ttf
21:45:15.973 [JavaFX Application Thread] DEBUG AssetLoader          - Loading from file system: /assets/ui/fonts/lucida_console.ttf
21:45:15.975 [JavaFX Application Thread] DEBUG AssetLoader          - Loading from file system: /assets/ui/fonts/Courier-Prime.ttf
21:45:15.976 [JavaFX Application Thread] DEBUG Engine               - Setting UI factory
21:45:16.024 [JavaFX Application Thread] DEBUG AssetLoader          - Loading from file system: /assets/textures/fxgl_logo.png
21:45:16.061 [JavaFX Application Thread] DEBUG MainWindow           - Creating a JavaFX scene
21:45:16.097 [JavaFX Application Thread] DEBUG MainWindow           - Target settings size: 800.0 x 600.0
21:45:16.097 [JavaFX Application Thread] DEBUG MainWindow           - Scaled scene size:    800.0 x 600.0
21:45:16.097 [JavaFX Application Thread] DEBUG MainWindow           - Scaled ratio: (1.0, 1.0)
21:45:16.098 [JavaFX Application Thread] DEBUG MainWindow           - Set initial scene to FXGLStartupScene
21:45:16.102 [JavaFX Application Thread] DEBUG AssetLoader          - Loading from file system: /assets/textures/fxgl_icon.png
21:45:16.110 [JavaFX Application Thread] DEBUG Engine               - Applying CSS: fxgl_dark.css
21:45:16.110 [JavaFX Application Thread] DEBUG AssetLoader          - Loading from file system: /assets/ui/css/fxgl_dark.css
21:45:16.112 [JavaFX Application Thread] DEBUG AssetLoader          - Loading from file system: /assets/ui/cursors/fxgl_default.png
21:45:16.113 [JavaFX Application Thread] DEBUG MainWindow           - Opening main window
21:45:16.188 [JavaFX Application Thread] DEBUG MainWindow           - Window border size: (0.0, 37.0)
21:45:16.188 [JavaFX Application Thread] DEBUG MainWindow           - Scaled size: 800.0 x 600.0
21:45:16.188 [JavaFX Application Thread] DEBUG MainWindow           - Scaled ratio: (1.0, 1.0)
21:45:16.188 [JavaFX Application Thread] DEBUG MainWindow           - Scene size: 800.0 x 600.0
21:45:16.188 [JavaFX Application Thread] DEBUG MainWindow           - Stage size: 800.0 x 637.0
21:45:16.196 [FXGL Background Thread 1 ] DEBUG FS                   - Loaded FSServiceImpl
21:45:16.196 [FXGL Background Thread 1 ] DEBUG Engine               - Loading FXGL system data
21:45:16.200 [FXGL Background Thread 1 ] DEBUG FSServiceImpl        - Reading from: /home/george/FXGL_Dev/Hello_FX_Gradle/Hello_FX_GradleKT0/system/fxgl.bundle
21:45:16.207 [FXGL Background Thread 1 ] DEBUG Engine               - Bundle FXGL: {}
21:45:16.207 [FXGL Background Thread 1 ] DEBUG Engine               - Initializing application scenes
21:45:16.226 [FXGL Background Thread 1 ] DEBUG GameWorld            - Game world initialized
21:45:16.266 [FXGL Background Thread 1 ] DEBUG PhysicsWorld         - Physics world initialized: appHeight=600, physics.ppm=50.0
21:45:16.267 [FXGL Background Thread 1 ] DEBUG GameScene            - Game scene initialized: 800x600
21:45:16.290 [FXGL Background Thread 1 ] DEBUG Input                - Registered new binding: Resume - Esc
21:45:16.290 [FXGL Background Thread 1 ] DEBUG AssetLoader          - Loading from file system: /assets/textures/pause_menu_bg.png
21:45:16.305 [FXGL Background Thread 1 ] DEBUG Input                - Registered new binding: Pause - Esc
21:45:16.305 [FXGL Background Thread 1 ] DEBUG Engine               - Application scenes initialized
21:45:16.307 [JavaFX Application Thread] DEBUG Engine               - Running preInit()
21:45:16.309 [JavaFX Application Thread] DEBUG Input                - Registered new binding: Shoot - LMB
21:45:16.310 [JavaFX Application Thread] DEBUG Input                - Registered new binding: Screenshot - P
21:45:16.310 [JavaFX Application Thread] DEBUG Input                - Registered new binding: System info dump - CTRL+9
21:45:16.310 [JavaFX Application Thread] DEBUG Input                - Registered new binding: Restart - CTRL+R
21:45:16.310 [JavaFX Application Thread] DEBUG Engine               - generateDefaultProfile()
21:45:16.310 [JavaFX Application Thread] DEBUG Engine               - Creating default profile
21:45:16.310 [JavaFX Application Thread] DEBUG EventBus             - Firing event: SaveEvent
21:45:16.321 [JavaFX Application Thread] INFO  Engine               - FXGL initialization took: 0.437 sec
21:45:16.322 [JavaFX Application Thread] DEBUG LoopRunner           - Starting loop
21:45:16.327 [JavaFX Application Thread] DEBUG FXGLStartupScene     - STARTUP
21:45:16.328 [JavaFX Application Thread] DEBUG Engine               - Starting new game
21:45:16.333 [JavaFX Application Thread] DEBUG Input                - Clearing active input actions
21:45:16.333 [FXGL Background Thread 1 ] DEBUG InitAppTask          - Clearing previous game
21:45:16.333 [FXGL Background Thread 1 ] DEBUG GameWorld            - Clearing game world
21:45:16.333 [FXGL Background Thread 1 ] DEBUG PhysicsWorld         - Clearing physics world
21:45:16.333 [FXGL Background Thread 1 ] DEBUG GameScene            - Clearing game scene
21:45:16.333 [FXGL Background Thread 1 ] DEBUG InitAppTask          - Initializing Game
21:45:16.349 [JavaFX Application Thread] DEBUG Engine               - Removing overlay from FXGLStartupScene and adding to LoadingScene
21:45:16.349 [JavaFX Application Thread] DEBUG MainWindow           - FXGLStartupScene -> LoadingScene
21:45:16.375 [FXGL Background Thread 1 ] DEBUG InitAppTask          - Initializing Physics
21:45:16.376 [FXGL Background Thread 1 ] DEBUG InitAppTask          - Initializing UI
21:45:16.377 [FXGL Background Thread 1 ] DEBUG InitAppTask          - Initialization Complete
21:45:16.377 [FXGL Background Thread 1 ] INFO  InitAppTask          - Game initialization took: 0.044 sec
21:45:16.420 [JavaFX Application Thread] DEBUG Input                - Clearing active input actions
21:45:16.427 [JavaFX Application Thread] DEBUG Engine               - Removing overlay from LoadingScene and adding to GameScene
21:45:16.427 [JavaFX Application Thread] DEBUG MainWindow           - LoadingScene -> GameScene
21:45:20.626 [JavaFX Application Thread] DEBUG Engine               - Exiting FXGL
21:45:20.626 [JavaFX Application Thread] DEBUG Engine               - Shutting down background threads
21:45:20.627 [JavaFX Application Thread] DEBUG Engine               - Saving FXGL system data
21:45:20.632 [JavaFX Application Thread] DEBUG FSServiceImpl        - Writing to: /home/george/FXGL_Dev/Hello_FX_Gradle/Hello_FX_GradleKT0/system/fxgl.bundle
21:45:20.637 [JavaFX Application Thread] DEBUG Engine               - Closing logger and exiting JavaFX
